{"Ip":"::1","Url":"/api/pm_plan/get/14969","Datetime":"2020-07-07 01:14:40","Date":"2020-07-07","Week":"周二"},
{"Ip":"::1","Url":"/api/pm_plan/get/14969","Datetime":"2020-07-07 01:18:47","Date":"2020-07-07","Week":"周二"},
{"Ip":"::1","Url":"/api/pm_plan/get","Datetime":"2020-07-07 01:19:10","Date":"2020-07-07","Week":"周二"},
{"Ip":"::1","Url":"/api/pm_plan/get","Datetime":"2020-07-07 01:19:34","Date":"2020-07-07","Week":"周二"},
{"Ip":"::1","Url":"/api/pm_plan/get","Datetime":"2020-07-07 01:20:05","Date":"2020-07-07","Week":"周二"},
{"Ip":"::1","Url":"/api/pm_plan/get","Datetime":"2020-07-07 01:22:39","Date":"2020-07-07","Week":"周二"},
{"Ip":"::1","Url":"/api/pm_plan/get","Datetime":"2020-07-07 01:23:18","Date":"2020-07-07","Week":"周二"},
{"Ip":"::1","Url":"/api/pm_plan/get/285147","Datetime":"2020-07-07 01:24:07","Date":"2020-07-07","Week":"周二"},
{"Ip":"::1","Url":"/api/pm_plan/get/40338","Datetime":"2020-07-07 11:05:47","Date":"2020-07-07","Week":"周二"},
{"Ip":"::1","Url":"/api/dbfirst/getframefilesbytablenames","Datetime":"2020-07-07 20:39:46","Date":"2020-07-07","Week":"周二"},
{"Ip":"::1","Url":"/api/dbfirst/getframefilesbytablenames","Datetime":"2020-07-07 20:46:42","Date":"2020-07-07","Week":"周二"},
{"Ip":"::1","Url":"/api/dbfirst/getframefilesbytablenames","Datetime":"2020-07-07 20:47:29","Date":"2020-07-07","Week":"周二"},
{"Ip":"::1","Url":"/api/dbfirst/getframefilesbytablenames","Datetime":"2020-07-07 20:47:55","Date":"2020-07-07","Week":"周二"},
{"Ip":"::1","Url":"/api/dbfirst/getframefilesbytablenames","Datetime":"2020-07-07 20:48:13","Date":"2020-07-07","Week":"周二"},
{"Ip":"::1","Url":"/api/dbfirst/getframefilesbytablenames","Datetime":"2020-07-07 20:48:27","Date":"2020-07-07","Week":"周二"},
{"Ip":"::1","Url":"/api/dbfirst/getframefilesbytablenames","Datetime":"2020-07-07 20:48:47","Date":"2020-07-07","Week":"周二"},
{"Ip":"::1","Url":"/api/dbfirst/getframefilesbytablenames","Datetime":"2020-07-07 20:49:04","Date":"2020-07-07","Week":"周二"},
{"Ip":"::1","Url":"/api/dbfirst/getframefilesbytablenames","Datetime":"2020-07-07 20:56:10","Date":"2020-07-07","Week":"周二"},
{"Ip":"::1","Url":"/api/dbfirst/getframefilesbytablenames","Datetime":"2020-07-07 20:56:56","Date":"2020-07-07","Week":"周二"},
{"Ip":"::1","Url":"/api/dbfirst/getframefilesbytablenames","Datetime":"2020-07-07 20:57:27","Date":"2020-07-07","Week":"周二"},
{"Ip":"::1","Url":"/api/dbfirst/getframefilesbytablenames","Datetime":"2020-07-07 20:57:43","Date":"2020-07-07","Week":"周二"},
{"Ip":"::1","Url":"/api/dbfirst/getframefilesbytablenames","Datetime":"2020-07-07 21:09:46","Date":"2020-07-07","Week":"周二"},
{"Ip":"::1","Url":"/api/folders/get/14433","Datetime":"2020-07-07 21:32:44","Date":"2020-07-07","Week":"周二"},
{"Ip":"::1","Url":"/api/folders/get/14433","Datetime":"2020-07-07 21:34:30","Date":"2020-07-07","Week":"周二"},
{"Ip":"::1","Url":"/api/user/get/13","Datetime":"2020-07-07 21:36:18","Date":"2020-07-07","Week":"周二"},
{"Ip":"::1","Url":"/api/user/get/13","Datetime":"2020-07-07 21:36:27","Date":"2020-07-07","Week":"周二"},
{"Ip":"::1","Url":"/api/role/get/27","Datetime":"2020-07-07 21:40:01","Date":"2020-07-07","Week":"周二"},
{"Ip":"::1","Url":"/api/pm_plan_sub/getpmplansubbycode","Datetime":"2020-07-11 08:00:45","Date":"2020-07-11","Week":"周六"},
{"Ip":"::1","Url":"/api/pm_plan_sub/getpmplansubbycode","Datetime":"2020-07-13 16:50:25","Date":"2020-07-13","Week":"周一"},
{"Ip":"::1","Url":"/api/pm_plan_sub/getpmplansubbycode","Datetime":"2020-07-13 16:51:51","Date":"2020-07-13","Week":"周一"},
{"Ip":"::1","Url":"/api/pm_plan_sub/getpmplansubbycode","Datetime":"2020-07-13 16:52:36","Date":"2020-07-13","Week":"周一"},
{"Ip":"::1","Url":"/api/pm_plan_sub/getpmplansubbycode","Datetime":"2020-07-13 16:53:18","Date":"2020-07-13","Week":"周一"},
{"Ip":"::1","Url":"/api/pm_plan_sub/getpmplansubbycode","Datetime":"2020-07-13 16:53:58","Date":"2020-07-13","Week":"周一"},
{"Ip":"::1","Url":"/api/pm_plan_sub/getpmplansubbycode","Datetime":"2020-07-13 16:54:19","Date":"2020-07-13","Week":"周一"},
{"Ip":"::1","Url":"/api/pm_plan_sub/getpmplansubbycode","Datetime":"2020-07-13 16:56:52","Date":"2020-07-13","Week":"周一"},
{"Ip":"::1","Url":"/api/pm_plan_sub/getpmplansubbycode","Datetime":"2020-07-13 16:57:43","Date":"2020-07-13","Week":"周一"},
